<?xml version="1.0" encoding="UTF-8"?>
<!-- Generated by org.testng.reporters.JUnitReportReporter -->
<testsuite hostname="Falcon" failures="0" tests="1" name="Automation.TestLabs.IndexLabspagetest" time="34.165" errors="0" timestamp="2024-07-26T09:21:28 IST" skipped="0">
  <testcase classname="Automation.TestLabs.IndexLabspagetest" name="verifyLogin" time="34.165"/>
</testsuite> <!-- Automation.TestLabs.IndexLabspagetest -->
