<?xml version="1.0" encoding="UTF-8"?>
<!-- Generated by org.testng.reporters.JUnitReportReporter -->
<testsuite hostname="DESKTOP-2DGN0S8" failures="0" tests="1" name="Automation.TestLabs.HomeLabsPageTest" time="35.406" errors="0" timestamp="2024-08-02T08:03:29 IST" skipped="0">
  <testcase classname="Automation.TestLabs.HomeLabsPageTest" name="verfiyHomePage" time="35.406"/>
</testsuite> <!-- Automation.TestLabs.HomeLabsPageTest -->
