<?xml version="1.0" encoding="UTF-8"?>
<!-- Generated by org.testng.reporters.JUnitReportReporter -->
<testsuite hostname="Falcon" failures="0" tests="1" name="Automation.TestLabs.HomeLabsPageTest" time="30.296" errors="0" timestamp="2024-08-02T09:14:14 IST" skipped="0">
  <testcase classname="Automation.TestLabs.HomeLabsPageTest" name="verfiyHomePage" time="30.296"/>
</testsuite> <!-- Automation.TestLabs.HomeLabsPageTest -->
