<?xml version="1.0" encoding="UTF-8"?>
<!-- Generated by org.testng.reporters.JUnitReportReporter -->
<testsuite hostname="Falcon" failures="0" tests="1" name="Automation.TestLabs.HomeLabsPageTest" time="29.448" errors="0" timestamp="2024-07-26T09:21:28 IST" skipped="0">
  <testcase classname="Automation.TestLabs.HomeLabsPageTest" name="verfiyHomePage" time="29.448"/>
</testsuite> <!-- Automation.TestLabs.HomeLabsPageTest -->
