<?xml version="1.0" encoding="UTF-8"?>
<!-- Generated by org.testng.reporters.JUnitReportReporter -->
<testsuite hostname="Falcon" failures="0" tests="1" name="com.labs.base.BaseLabsClass" time="18.756" errors="0" timestamp="2024-07-18T08:46:30 IST" skipped="0">
  <testcase classname="com.labs.base.BaseLabsClass" name="launchApp" time="18.756"/>
</testsuite> <!-- com.labs.base.BaseLabsClass -->
