<?xml version="1.0" encoding="UTF-8"?>
<!-- Generated by org.testng.reporters.JUnitReportReporter -->
<testsuite hostname="Falcon" failures="0" tests="1" name="Automation.TestLabs.HomeLabsPageTest" time="58.825" errors="0" timestamp="2024-08-06T19:20:40 IST" skipped="0">
  <testcase classname="Automation.TestLabs.HomeLabsPageTest" name="verfiyHomePage" time="58.825"/>
</testsuite> <!-- Automation.TestLabs.HomeLabsPageTest -->
